2026-03-22T10:24:33.337429Z  WARN wgpu_hal::vulkan::instance: Unable to find extension: VK_EXT_physical_device_drm
2026-03-22T10:24:33.338478Z  WARN wgpu_hal::vulkan::instance: InstanceFlags::VALIDATION requested, but unable to find layer: VK_LAYER_KHRONOS_validation
2026-03-22T10:24:33.395141Z  WARN wgpu_hal::vulkan::instance: GENERAL [Loader Message (0x0)]
	terminator_CreateInstance: Received return code -9 from call to vkCreateInstance in ICD /usr/lib64/libvulkan_dzn.so. Skipping this driver.
2026-03-22T10:24:33.395276Z  WARN wgpu_hal::vulkan::instance: 	objects: (type: INSTANCE, hndl: 0x562c7f2fc960, name: ?)
2026-03-22T10:24:33.500300Z  INFO cubecl_wgpu::runtime: Using adapter AdapterInfo { name: "NVIDIA GeForce RTX 4050 Laptop GPU (NVK AD107)", vendor: 4318, device: 10401, device_type: DiscreteGpu, driver: "NVK", driver_info: "Mesa 25.3.6", backend: Vulkan }
2026-03-22T10:24:33.579252Z  INFO cubecl_wgpu::runtime: Created wgpu compute server on device Device { inner: Core(CoreDevice { context: ContextWgpuCore { type: "Native" }, id: Id(0,1), error_sink: Mutex { data: ErrorSink }, features: Features { features_wgpu: FeaturesWGPU(TEXTURE_FORMAT_16BIT_NORM | TEXTURE_ADAPTER_SPECIFIC_FORMAT_FEATURES | PIPELINE_STATISTICS_QUERY | TIMESTAMP_QUERY_INSIDE_ENCODERS | TIMESTAMP_QUERY_INSIDE_PASSES | TEXTURE_BINDING_ARRAY | BUFFER_BINDING_ARRAY | STORAGE_RESOURCE_BINDING_ARRAY | SAMPLED_TEXTURE_AND_STORAGE_BUFFER_ARRAY_NON_UNIFORM_INDEXING | STORAGE_TEXTURE_ARRAY_NON_UNIFORM_INDEXING | PARTIALLY_BOUND_BINDING_ARRAY | MULTI_DRAW_INDIRECT | MULTI_DRAW_INDIRECT_COUNT | PUSH_CONSTANTS | ADDRESS_MODE_CLAMP_TO_ZERO | ADDRESS_MODE_CLAMP_TO_BORDER | POLYGON_MODE_LINE | POLYGON_MODE_POINT | CONSERVATIVE_RASTERIZATION | VERTEX_WRITABLE_STORAGE | CLEAR_TEXTURE | SPIRV_SHADER_PASSTHROUGH | MULTIVIEW | TEXTURE_ATOMIC | TEXTURE_FORMAT_NV12 | SHADER_F64 | SHADER_I16 | SHADER_PRIMITIVE_INDEX | SHADER_EARLY_DEPTH_TEST | SHADER_INT64 | SUBGROUP | SUBGROUP_VERTEX | SUBGROUP_BARRIER | PIPELINE_CACHE | SHADER_INT64_ATOMIC_MIN_MAX | SHADER_INT64_ATOMIC_ALL_OPS | TEXTURE_INT64_ATOMIC), features_webgpu: FeaturesWebGPU(DEPTH_CLIP_CONTROL | DEPTH32FLOAT_STENCIL8 | TEXTURE_COMPRESSION_BC | TEXTURE_COMPRESSION_BC_SLICED_3D | TIMESTAMP_QUERY | INDIRECT_FIRST_INSTANCE | RG11B10UFLOAT_RENDERABLE | BGRA8UNORM_STORAGE | FLOAT32_FILTERABLE | DUAL_SOURCE_BLENDING | CLIP_DISTANCES) } }) } => AdapterInfo { name: "NVIDIA GeForce RTX 4050 Laptop GPU (NVK AD107)", vendor: 4318, device: 10401, device_type: DiscreteGpu, driver: "NVK", driver_info: "Mesa 25.3.6", backend: Vulkan }
2026-03-22T10:24:33.639914Z  INFO burn_train::learner::supervised::strategies::single::epoch: Executing training step for epoch 1
2026-03-22T10:24:33.646770Z ERROR burn_train::learner::application_logger: PANIC => panicked at /home/ahmedthegoat/.cargo/registry/src/index.crates.io-1949cf8c6b5b557f/burn-backend-0.20.1/src/data/tensor.rs:86:9:
assertion `left == right` failed: Shape [96, 24] is invalid for input of size 2112
  left: 2304
 right: 2112
2026-03-22T10:24:33.646802Z ERROR burn_train::learner::application_logger: PANIC => panicked at /home/ahmedthegoat/.cargo/registry/src/index.crates.io-1949cf8c6b5b557f/burn-backend-0.20.1/src/data/tensor.rs:86:9:
assertion `left == right` failed: Shape [96, 24] is invalid for input of size 2112
  left: 2304
 right: 2112
2026-03-22T10:24:33.646815Z ERROR burn_train::learner::application_logger: PANIC => panicked at /home/ahmedthegoat/.cargo/registry/src/index.crates.io-1949cf8c6b5b557f/burn-backend-0.20.1/src/data/tensor.rs:86:9:
assertion `left == right` failed: Shape [96, 24] is invalid for input of size 2112
  left: 2304
 right: 2112
2026-03-22T10:24:33.646889Z ERROR burn_train::learner::application_logger: PANIC => panicked at /home/ahmedthegoat/.cargo/registry/src/index.crates.io-1949cf8c6b5b557f/burn-backend-0.20.1/src/data/tensor.rs:86:9:
assertion `left == right` failed: Shape [96, 24] is invalid for input of size 2112
  left: 2304
 right: 2112
2026-03-22T10:24:33.647159Z ERROR burn_train::learner::application_logger: PANIC => panicked at /home/ahmedthegoat/.cargo/registry/src/index.crates.io-1949cf8c6b5b557f/burn-core-0.20.1/src/data/dataloader/multithread.rs:245:29:
called `Result::unwrap()` on an `Err` value: RecvError
